<?xml version="1.0" encoding="UTF-8"?>
<coverage generated="1613176556581" clover="3.2.0">
  <project timestamp="1613176556581" name="All files">
    <metrics statements="289" coveredstatements="289" conditionals="109" coveredconditionals="109" methods="76" coveredmethods="76" elements="474" coveredelements="474" complexity="0" loc="289" ncloc="289" packages="4" files="24" classes="24"/>
    <package name="src">
      <metrics statements="33" coveredstatements="33" conditionals="12" coveredconditionals="12" methods="9" coveredmethods="9"/>
      <file name="animationManager.js" path="/home/roger/Apps/js-workspace/carousel/src/animationManager.js">
        <metrics statements="9" coveredstatements="9" conditionals="2" coveredconditionals="2" methods="3" coveredmethods="3"/>
        <line num="18" count="3" type="stmt"/>
        <line num="19" count="6" type="cond" truecount="2" falsecount="0"/>
        <line num="20" count="5" type="stmt"/>
        <line num="22" count="1" type="stmt"/>
        <line num="25" count="6" type="stmt"/>
        <line num="26" count="6" type="stmt"/>
        <line num="27" count="6" type="stmt"/>
        <line num="29" count="6" type="stmt"/>
        <line num="30" count="6" type="stmt"/>
      </file>
      <file name="index.js" path="/home/roger/Apps/js-workspace/carousel/src/index.js">
        <metrics statements="3" coveredstatements="3" conditionals="0" coveredconditionals="0" methods="2" coveredmethods="2"/>
        <line num="3" count="2" type="stmt"/>
        <line num="4" count="1" type="stmt"/>
        <line num="7" count="1" type="stmt"/>
      </file>
      <file name="slide-functions.js" path="/home/roger/Apps/js-workspace/carousel/src/slide-functions.js">
        <metrics statements="21" coveredstatements="21" conditionals="10" coveredconditionals="10" methods="4" coveredmethods="4"/>
        <line num="5" count="4" type="stmt"/>
        <line num="6" count="2" type="stmt"/>
        <line num="7" count="2" type="stmt"/>
        <line num="8" count="6" type="cond" truecount="2" falsecount="0"/>
        <line num="16" count="4" type="stmt"/>
        <line num="17" count="2" type="stmt"/>
        <line num="18" count="2" type="stmt"/>
        <line num="19" count="6" type="cond" truecount="2" falsecount="0"/>
        <line num="29" count="4" type="stmt"/>
        <line num="30" count="4" type="stmt"/>
        <line num="31" count="4" type="stmt"/>
        <line num="32" count="12" type="cond" truecount="2" falsecount="0"/>
        <line num="33" count="6" type="cond" truecount="2" falsecount="0"/>
        <line num="35" count="6" type="cond" truecount="2" falsecount="0"/>
        <line num="44" count="4" type="stmt"/>
        <line num="45" count="1" type="stmt"/>
        <line num="46" count="3" type="stmt"/>
        <line num="47" count="3" type="stmt"/>
        <line num="48" count="3" type="stmt"/>
        <line num="49" count="3" type="stmt"/>
        <line num="51" count="1" type="stmt"/>
      </file>
    </package>
    <package name="src.animations">
      <metrics statements="34" coveredstatements="34" conditionals="12" coveredconditionals="12" methods="7" coveredmethods="7"/>
      <file name="animateFrame.js" path="/home/roger/Apps/js-workspace/carousel/src/animations/animateFrame.js">
        <metrics statements="6" coveredstatements="6" conditionals="4" coveredconditionals="4" methods="2" coveredmethods="2"/>
        <line num="9" count="4" type="stmt"/>
        <line num="10" count="5" type="cond" truecount="2" falsecount="0"/>
        <line num="12" count="4" type="cond" truecount="2" falsecount="0"/>
        <line num="13" count="4" type="stmt"/>
        <line num="14" count="4" type="stmt"/>
        <line num="15" count="4" type="stmt"/>
      </file>
      <file name="executeAnimation.js" path="/home/roger/Apps/js-workspace/carousel/src/animations/executeAnimation.js">
        <metrics statements="9" coveredstatements="9" conditionals="0" coveredconditionals="0" methods="1" coveredmethods="1"/>
        <line num="11" count="3" type="stmt"/>
        <line num="13" count="2" type="stmt"/>
        <line num="14" count="2" type="stmt"/>
        <line num="15" count="2" type="stmt"/>
        <line num="17" count="2" type="stmt"/>
        <line num="18" count="6" type="stmt"/>
        <line num="19" count="6" type="stmt"/>
        <line num="20" count="6" type="stmt"/>
        <line num="22" count="2" type="stmt"/>
      </file>
      <file name="getNextCoord.js" path="/home/roger/Apps/js-workspace/carousel/src/animations/getNextCoord.js">
        <metrics statements="4" coveredstatements="4" conditionals="2" coveredconditionals="2" methods="1" coveredmethods="1"/>
        <line num="9" count="5" type="stmt"/>
        <line num="10" count="2" type="cond" truecount="2" falsecount="0"/>
        <line num="11" count="1" type="stmt"/>
        <line num="13" count="1" type="stmt"/>
      </file>
      <file name="prepareAnimation.js" path="/home/roger/Apps/js-workspace/carousel/src/animations/prepareAnimation.js">
        <metrics statements="15" coveredstatements="15" conditionals="6" coveredconditionals="6" methods="3" coveredmethods="3"/>
        <line num="8" count="3" type="stmt"/>
        <line num="9" count="9" type="stmt"/>
        <line num="10" count="9" type="stmt"/>
        <line num="12" count="24" type="cond" truecount="4" falsecount="0"/>
        <line num="13" count="12" type="stmt"/>
        <line num="15" count="12" type="cond" truecount="2" falsecount="0"/>
        <line num="17" count="24" type="stmt"/>
        <line num="18" count="24" type="stmt"/>
        <line num="19" count="24" type="stmt"/>
        <line num="21" count="24" type="stmt"/>
        <line num="24" count="24" type="stmt"/>
        <line num="25" count="8" type="stmt"/>
        <line num="26" count="8" type="stmt"/>
        <line num="29" count="24" type="stmt"/>
        <line num="31" count="9" type="stmt"/>
      </file>
    </package>
    <package name="src.components">
      <metrics statements="136" coveredstatements="136" conditionals="45" coveredconditionals="45" methods="40" coveredmethods="40"/>
      <file name="Carousel.js" path="/home/roger/Apps/js-workspace/carousel/src/components/Carousel.js">
        <metrics statements="109" coveredstatements="109" conditionals="34" coveredconditionals="34" methods="34" coveredmethods="34"/>
        <line num="36" count="71" type="stmt"/>
        <line num="37" count="71" type="stmt"/>
        <line num="38" count="71" type="stmt"/>
        <line num="39" count="71" type="stmt"/>
        <line num="40" count="71" type="stmt"/>
        <line num="41" count="71" type="stmt"/>
        <line num="42" count="71" type="stmt"/>
        <line num="43" count="71" type="stmt"/>
        <line num="44" count="71" type="stmt"/>
        <line num="45" count="71" type="stmt"/>
        <line num="46" count="71" type="stmt"/>
        <line num="51" count="81" type="cond" truecount="2" falsecount="0"/>
        <line num="52" count="80" type="stmt"/>
        <line num="56" count="47" type="stmt"/>
        <line num="60" count="80" type="cond" truecount="2" falsecount="0"/>
        <line num="61" count="79" type="cond" truecount="2" falsecount="0"/>
        <line num="62" count="78" type="stmt"/>
        <line num="66" count="46" type="stmt"/>
        <line num="70" count="73" type="cond" truecount="2" falsecount="0"/>
        <line num="71" count="72" type="stmt"/>
        <line num="75" count="5" type="stmt"/>
        <line num="79" count="75" type="cond" truecount="2" falsecount="0"/>
        <line num="80" count="74" type="stmt"/>
        <line num="84" count="10" type="stmt"/>
        <line num="88" count="74" type="cond" truecount="2" falsecount="0"/>
        <line num="89" count="73" type="stmt"/>
        <line num="93" count="6" type="stmt"/>
        <line num="97" count="73" type="cond" truecount="2" falsecount="0"/>
        <line num="98" count="72" type="stmt"/>
        <line num="102" count="19" type="stmt"/>
        <line num="106" count="1" type="stmt"/>
        <line num="110" count="16" type="stmt"/>
        <line num="111" count="16" type="cond" truecount="2" falsecount="0"/>
        <line num="112" count="11" type="stmt"/>
        <line num="116" count="76" type="cond" truecount="2" falsecount="0"/>
        <line num="117" count="75" type="cond" truecount="2" falsecount="0"/>
        <line num="118" count="74" type="cond" truecount="2" falsecount="0"/>
        <line num="119" count="73" type="cond" truecount="2" falsecount="0"/>
        <line num="120" count="72" type="stmt"/>
        <line num="121" count="72" type="stmt"/>
        <line num="122" count="144" type="stmt"/>
        <line num="127" count="72" type="stmt"/>
        <line num="131" count="18" type="stmt"/>
        <line num="138" count="71" type="stmt"/>
        <line num="139" count="10" type="stmt"/>
        <line num="140" count="10" type="stmt"/>
        <line num="141" count="10" type="stmt"/>
        <line num="142" count="10" type="stmt"/>
        <line num="143" count="10" type="stmt"/>
        <line num="144" count="10" type="stmt"/>
        <line num="145" count="20" type="stmt"/>
        <line num="153" count="20" type="stmt"/>
        <line num="154" count="20" type="stmt"/>
        <line num="156" count="20" type="stmt"/>
        <line num="158" count="10" type="stmt"/>
        <line num="159" count="20" type="stmt"/>
        <line num="162" count="10" type="stmt"/>
        <line num="163" count="10" type="stmt"/>
        <line num="165" count="10" type="stmt"/>
        <line num="166" count="10" type="stmt"/>
        <line num="167" count="10" type="stmt"/>
        <line num="168" count="10" type="stmt"/>
        <line num="174" count="71" type="stmt"/>
        <line num="175" count="2" type="stmt"/>
        <line num="176" count="2" type="stmt"/>
        <line num="183" count="71" type="stmt"/>
        <line num="184" count="2" type="cond" truecount="2" falsecount="0"/>
        <line num="185" count="1" type="stmt"/>
        <line num="186" count="1" type="stmt"/>
        <line num="187" count="1" type="stmt"/>
        <line num="188" count="1" type="stmt"/>
        <line num="194" count="71" type="stmt"/>
        <line num="195" count="2" type="stmt"/>
        <line num="196" count="2" type="stmt"/>
        <line num="202" count="71" type="stmt"/>
        <line num="203" count="4" type="stmt"/>
        <line num="204" count="4" type="stmt"/>
        <line num="205" count="4" type="cond" truecount="2" falsecount="0"/>
        <line num="206" count="3" type="stmt"/>
        <line num="216" count="71" type="stmt"/>
        <line num="217" count="4" type="cond" truecount="2" falsecount="0"/>
        <line num="218" count="3" type="stmt"/>
        <line num="219" count="3" type="stmt"/>
        <line num="220" count="3" type="stmt"/>
        <line num="226" count="3" type="stmt"/>
        <line num="227" count="1" type="stmt"/>
        <line num="229" count="3" type="stmt"/>
        <line num="237" count="71" type="stmt"/>
        <line num="238" count="1" type="stmt"/>
        <line num="239" count="1" type="stmt"/>
        <line num="246" count="71" type="stmt"/>
        <line num="247" count="1" type="stmt"/>
        <line num="254" count="71" type="stmt"/>
        <line num="255" count="6" type="stmt"/>
        <line num="256" count="6" type="stmt"/>
        <line num="257" count="6" type="stmt"/>
        <line num="258" count="6" type="stmt"/>
        <line num="259" count="6" type="stmt"/>
        <line num="265" count="6" type="stmt"/>
        <line num="266" count="6" type="stmt"/>
        <line num="272" count="6" type="stmt"/>
        <line num="279" count="71" type="stmt"/>
        <line num="280" count="6" type="stmt"/>
        <line num="281" count="5" type="stmt"/>
        <line num="282" count="5" type="cond" truecount="2" falsecount="0"/>
        <line num="283" count="2" type="stmt"/>
        <line num="285" count="5" type="stmt"/>
        <line num="291" count="71" type="stmt"/>
        <line num="292" count="1" type="stmt"/>
      </file>
      <file name="Slide.js" path="/home/roger/Apps/js-workspace/carousel/src/components/Slide.js">
        <metrics statements="11" coveredstatements="11" conditionals="1" coveredconditionals="1" methods="4" coveredmethods="4"/>
        <line num="25" count="11" type="stmt"/>
        <line num="33" count="7" type="stmt"/>
        <line num="34" count="7" type="stmt"/>
        <line num="35" count="7" type="stmt"/>
        <line num="36" count="7" type="stmt"/>
        <line num="37" count="7" type="stmt"/>
        <line num="38" count="7" type="stmt"/>
        <line num="46" count="5" type="stmt"/>
        <line num="47" count="4" type="stmt"/>
        <line num="48" count="4" type="stmt"/>
        <line num="55" count="1" type="stmt"/>
      </file>
      <file name="SlideControl.js" path="/home/roger/Apps/js-workspace/carousel/src/components/SlideControl.js">
        <metrics statements="16" coveredstatements="16" conditionals="10" coveredconditionals="10" methods="2" coveredmethods="2"/>
        <line num="8" count="2" type="stmt"/>
        <line num="11" count="11" type="stmt"/>
        <line num="13" count="11" type="cond" truecount="2" falsecount="0"/>
        <line num="14" count="10" type="cond" truecount="2" falsecount="0"/>
        <line num="15" count="9" type="cond" truecount="2" falsecount="0"/>
        <line num="16" count="8" type="cond" truecount="2" falsecount="0"/>
        <line num="18" count="7" type="cond" truecount="2" falsecount="0"/>
        <line num="19" count="4" type="stmt"/>
        <line num="20" count="4" type="stmt"/>
        <line num="22" count="3" type="stmt"/>
        <line num="23" count="3" type="stmt"/>
        <line num="26" count="7" type="stmt"/>
        <line num="27" count="7" type="stmt"/>
        <line num="28" count="7" type="stmt"/>
        <line num="29" count="7" type="stmt"/>
        <line num="30" count="7" type="stmt"/>
      </file>
    </package>
    <package name="src.utility">
      <metrics statements="86" coveredstatements="86" conditionals="40" coveredconditionals="40" methods="20" coveredmethods="20"/>
      <file name="constructMediaQuery.js" path="/home/roger/Apps/js-workspace/carousel/src/utility/constructMediaQuery.js">
        <metrics statements="3" coveredstatements="3" conditionals="2" coveredconditionals="2" methods="1" coveredmethods="1"/>
        <line num="9" count="5" type="stmt"/>
        <line num="10" count="2" type="cond" truecount="2" falsecount="0"/>
        <line num="11" count="2" type="stmt"/>
      </file>
      <file name="findByMediaSize.js" path="/home/roger/Apps/js-workspace/carousel/src/utility/findByMediaSize.js">
        <metrics statements="10" coveredstatements="10" conditionals="8" coveredconditionals="8" methods="1" coveredmethods="1"/>
        <line num="13" count="3" type="stmt"/>
        <line num="14" count="5" type="stmt"/>
        <line num="16" count="5" type="cond" truecount="2" falsecount="0"/>
        <line num="17" count="4" type="cond" truecount="2" falsecount="0"/>
        <line num="19" count="3" type="stmt"/>
        <line num="21" count="3" type="cond" truecount="2" falsecount="0"/>
        <line num="22" count="1" type="stmt"/>
        <line num="25" count="3" type="stmt"/>
        <line num="26" count="3" type="cond" truecount="2" falsecount="0"/>
        <line num="27" count="2" type="stmt"/>
      </file>
      <file name="findMediaMatch.js" path="/home/roger/Apps/js-workspace/carousel/src/utility/findMediaMatch.js">
        <metrics statements="5" coveredstatements="5" conditionals="2" coveredconditionals="2" methods="1" coveredmethods="1"/>
        <line num="10" count="4" type="stmt"/>
        <line num="11" count="3" type="stmt"/>
        <line num="12" count="7" type="stmt"/>
        <line num="13" count="7" type="stmt"/>
        <line num="14" count="7" type="cond" truecount="2" falsecount="0"/>
      </file>
      <file name="getCarouselProps.js" path="/home/roger/Apps/js-workspace/carousel/src/utility/getCarouselProps.js">
        <metrics statements="12" coveredstatements="12" conditionals="0" coveredconditionals="0" methods="1" coveredmethods="1"/>
        <line num="11" count="3" type="stmt"/>
        <line num="12" count="2" type="stmt"/>
        <line num="13" count="2" type="stmt"/>
        <line num="14" count="2" type="stmt"/>
        <line num="15" count="2" type="stmt"/>
        <line num="16" count="2" type="stmt"/>
        <line num="26" count="2" type="stmt"/>
        <line num="27" count="2" type="stmt"/>
        <line num="28" count="8" type="stmt"/>
        <line num="29" count="8" type="stmt"/>
        <line num="34" count="2" type="stmt"/>
        <line num="39" count="2" type="stmt"/>
      </file>
      <file name="getElementHeight.js" path="/home/roger/Apps/js-workspace/carousel/src/utility/getElementHeight.js">
        <metrics statements="2" coveredstatements="2" conditionals="0" coveredconditionals="0" methods="1" coveredmethods="1"/>
        <line num="6" count="4" type="stmt"/>
        <line num="7" count="1" type="stmt"/>
      </file>
      <file name="getOffscreenSlides.js" path="/home/roger/Apps/js-workspace/carousel/src/utility/getOffscreenSlides.js">
        <metrics statements="3" coveredstatements="3" conditionals="0" coveredconditionals="0" methods="2" coveredmethods="2"/>
        <line num="7" count="4" type="stmt"/>
        <line num="8" count="4" type="stmt"/>
        <line num="9" count="1" type="stmt"/>
      </file>
      <file name="getOptionOrDefault.js" path="/home/roger/Apps/js-workspace/carousel/src/utility/getOptionOrDefault.js">
        <metrics statements="12" coveredstatements="12" conditionals="6" coveredconditionals="6" methods="1" coveredmethods="1"/>
        <line num="8" count="4" type="cond" truecount="2" falsecount="0"/>
        <line num="10" count="6" type="stmt"/>
        <line num="11" count="6" type="stmt"/>
        <line num="13" count="6" type="cond" truecount="4" falsecount="0"/>
        <line num="14" count="2" type="stmt"/>
        <line num="17" count="4" type="stmt"/>
        <line num="18" count="4" type="stmt"/>
        <line num="20" count="3" type="stmt"/>
        <line num="21" count="3" type="stmt"/>
        <line num="23" count="1" type="stmt"/>
        <line num="24" count="1" type="stmt"/>
        <line num="28" count="3" type="stmt"/>
      </file>
      <file name="getTallestElementHeight.js" path="/home/roger/Apps/js-workspace/carousel/src/utility/getTallestElementHeight.js">
        <metrics statements="5" coveredstatements="5" conditionals="4" coveredconditionals="4" methods="2" coveredmethods="2"/>
        <line num="9" count="3" type="stmt"/>
        <line num="10" count="3" type="cond" truecount="2" falsecount="0"/>
        <line num="11" count="2" type="stmt"/>
        <line num="12" count="8" type="stmt"/>
        <line num="13" count="8" type="cond" truecount="2" falsecount="0"/>
      </file>
      <file name="initCarousels.js" path="/home/roger/Apps/js-workspace/carousel/src/utility/initCarousels.js">
        <metrics statements="6" coveredstatements="6" conditionals="0" coveredconditionals="0" methods="1" coveredmethods="1"/>
        <line num="8" count="2" type="stmt"/>
        <line num="9" count="2" type="stmt"/>
        <line num="10" count="2" type="stmt"/>
        <line num="11" count="3" type="stmt"/>
        <line num="12" count="3" type="stmt"/>
        <line num="13" count="3" type="stmt"/>
      </file>
      <file name="recurTilTrue.js" path="/home/roger/Apps/js-workspace/carousel/src/utility/recurTilTrue.js">
        <metrics statements="8" coveredstatements="8" conditionals="2" coveredconditionals="2" methods="3" coveredmethods="3"/>
        <line num="8" count="4" type="stmt"/>
        <line num="9" count="2" type="stmt"/>
        <line num="10" count="2" type="stmt"/>
        <line num="11" count="3" type="stmt"/>
        <line num="12" count="3" type="cond" truecount="2" falsecount="0"/>
        <line num="13" count="1" type="stmt"/>
        <line num="14" count="1" type="stmt"/>
        <line num="17" count="1" type="stmt"/>
      </file>
      <file name="replaceChildElement.js" path="/home/roger/Apps/js-workspace/carousel/src/utility/replaceChildElement.js">
        <metrics statements="6" coveredstatements="6" conditionals="6" coveredconditionals="6" methods="1" coveredmethods="1"/>
        <line num="6" count="4" type="stmt"/>
        <line num="7" count="15" type="cond" truecount="2" falsecount="0"/>
        <line num="8" count="12" type="cond" truecount="2" falsecount="0"/>
        <line num="9" count="9" type="cond" truecount="2" falsecount="0"/>
        <line num="10" count="4" type="stmt"/>
        <line num="11" count="4" type="stmt"/>
      </file>
      <file name="sortObjectsByProperty.js" path="/home/roger/Apps/js-workspace/carousel/src/utility/sortObjectsByProperty.js">
        <metrics statements="6" coveredstatements="6" conditionals="6" coveredconditionals="6" methods="2" coveredmethods="2"/>
        <line num="8" count="4" type="stmt"/>
        <line num="9" count="3" type="stmt"/>
        <line num="10" count="5" type="cond" truecount="2" falsecount="0"/>
        <line num="11" count="4" type="cond" truecount="2" falsecount="0"/>
        <line num="12" count="2" type="cond" truecount="2" falsecount="0"/>
        <line num="13" count="1" type="stmt"/>
      </file>
      <file name="strToArrayInt.js" path="/home/roger/Apps/js-workspace/carousel/src/utility/strToArrayInt.js">
        <metrics statements="3" coveredstatements="3" conditionals="2" coveredconditionals="2" methods="2" coveredmethods="2"/>
        <line num="3" count="4" type="stmt"/>
        <line num="4" count="3" type="cond" truecount="2" falsecount="0"/>
        <line num="5" count="7" type="stmt"/>
      </file>
      <file name="toInt.js" path="/home/roger/Apps/js-workspace/carousel/src/utility/toInt.js">
        <metrics statements="5" coveredstatements="5" conditionals="2" coveredconditionals="2" methods="1" coveredmethods="1"/>
        <line num="6" count="5" type="stmt"/>
        <line num="7" count="8" type="cond" truecount="2" falsecount="0"/>
        <line num="8" count="2" type="stmt"/>
        <line num="10" count="6" type="stmt"/>
        <line num="11" count="6" type="stmt"/>
      </file>
    </package>
  </project>
</coverage>
