{"/home/roger/Apps/js-workspace/carousel/src/slide-functions.js": {"path":"/home/roger/Apps/js-workspace/carousel/src/slide-functions.js","statementMap":{"0":{"start":{"line":5,"column":25},"end":{"line":10,"column":1}},"1":{"start":{"line":6,"column":21},"end":{"line":6,"column":38}},"2":{"start":{"line":7,"column":4},"end":{"line":9,"column":5}},"3":{"start":{"line":8,"column":8},"end":{"line":8,"column":107}},"4":{"start":{"line":16,"column":26},"end":{"line":21,"column":1}},"5":{"start":{"line":17,"column":21},"end":{"line":17,"column":38}},"6":{"start":{"line":18,"column":4},"end":{"line":20,"column":5}},"7":{"start":{"line":19,"column":8},"end":{"line":19,"column":102}},"8":{"start":{"line":29,"column":28},"end":{"line":38,"column":1}},"9":{"start":{"line":30,"column":21},"end":{"line":30,"column":38}},"10":{"start":{"line":31,"column":4},"end":{"line":37,"column":5}},"11":{"start":{"line":32,"column":8},"end":{"line":36,"column":17}},"12":{"start":{"line":33,"column":12},"end":{"line":33,"column":138}},"13":{"start":{"line":35,"column":12},"end":{"line":35,"column":124}},"14":{"start":{"line":44,"column":23},"end":{"line":52,"column":1}},"15":{"start":{"line":45,"column":4},"end":{"line":50,"column":5}},"16":{"start":{"line":46,"column":8},"end":{"line":46,"column":56}},"17":{"start":{"line":47,"column":8},"end":{"line":47,"column":36}},"18":{"start":{"line":48,"column":8},"end":{"line":48,"column":62}},"19":{"start":{"line":49,"column":8},"end":{"line":49,"column":39}},"20":{"start":{"line":51,"column":4},"end":{"line":51,"column":17}}},"fnMap":{"0":{"name":"(anonymous_0)","decl":{"start":{"line":5,"column":25},"end":{"line":5,"column":26}},"loc":{"start":{"line":5,"column":35},"end":{"line":10,"column":1}},"line":5},"1":{"name":"(anonymous_1)","decl":{"start":{"line":16,"column":26},"end":{"line":16,"column":27}},"loc":{"start":{"line":16,"column":36},"end":{"line":21,"column":1}},"line":16},"2":{"name":"(anonymous_2)","decl":{"start":{"line":29,"column":28},"end":{"line":29,"column":29}},"loc":{"start":{"line":29,"column":51},"end":{"line":38,"column":1}},"line":29},"3":{"name":"(anonymous_3)","decl":{"start":{"line":44,"column":23},"end":{"line":44,"column":24}},"loc":{"start":{"line":44,"column":33},"end":{"line":52,"column":1}},"line":44}},"branchMap":{"0":{"loc":{"start":{"line":8,"column":32},"end":{"line":8,"column":107}},"type":"cond-expr","locations":[{"start":{"line":8,"column":68},"end":{"line":8,"column":96}},{"start":{"line":8,"column":99},"end":{"line":8,"column":107}}],"line":8},"1":{"loc":{"start":{"line":19,"column":32},"end":{"line":19,"column":102}},"type":"cond-expr","locations":[{"start":{"line":19,"column":70},"end":{"line":19,"column":98}},{"start":{"line":19,"column":101},"end":{"line":19,"column":102}}],"line":19},"2":{"loc":{"start":{"line":32,"column":8},"end":{"line":36,"column":17}},"type":"if","locations":[{"start":{"line":32,"column":8},"end":{"line":36,"column":17}},{"start":{"line":32,"column":8},"end":{"line":36,"column":17}}],"line":32},"3":{"loc":{"start":{"line":33,"column":39},"end":{"line":33,"column":138}},"type":"cond-expr","locations":[{"start":{"line":33,"column":72},"end":{"line":33,"column":94}},{"start":{"line":33,"column":97},"end":{"line":33,"column":138}}],"line":33},"4":{"loc":{"start":{"line":35,"column":39},"end":{"line":35,"column":124}},"type":"cond-expr","locations":[{"start":{"line":35,"column":79},"end":{"line":35,"column":80}},{"start":{"line":35,"column":83},"end":{"line":35,"column":124}}],"line":35}},"s":{"0":1,"1":2,"2":2,"3":6,"4":1,"5":2,"6":2,"7":6,"8":1,"9":4,"10":4,"11":12,"12":6,"13":6,"14":1,"15":1,"16":3,"17":3,"18":3,"19":3,"20":1},"f":{"0":2,"1":2,"2":4,"3":1},"b":{"0":[4,2],"1":[4,2],"2":[6,6],"3":[2,4],"4":[2,4]},"_coverageSchema":"1a1c01bbd47fc00a2c39e90264f33305004495a9","hash":"a8a5aa59c5c1c92eb6d1844edf9e55d896b5d396"}
,"/home/roger/Apps/js-workspace/carousel/src/utility/getCarouselProps.js": {"path":"/home/roger/Apps/js-workspace/carousel/src/utility/getCarouselProps.js","statementMap":{"0":{"start":{"line":10,"column":32},"end":{"line":38,"column":1}},"1":{"start":{"line":11,"column":28},"end":{"line":13,"column":5}},"2":{"start":{"line":14,"column":20},"end":{"line":14,"column":30}},"3":{"start":{"line":15,"column":21},"end":{"line":15,"column":33}},"4":{"start":{"line":16,"column":18},"end":{"line":22,"column":5}},"5":{"start":{"line":24,"column":26},"end":{"line":24,"column":55}},"6":{"start":{"line":25,"column":4},"end":{"line":30,"column":5}},"7":{"start":{"line":25,"column":17},"end":{"line":25,"column":18}},"8":{"start":{"line":26,"column":22},"end":{"line":26,"column":38}},"9":{"start":{"line":27,"column":8},"end":{"line":29,"column":10}},"10":{"start":{"line":32,"column":4},"end":{"line":35,"column":5}},"11":{"start":{"line":37,"column":4},"end":{"line":37,"column":16}}},"fnMap":{"0":{"name":"(anonymous_0)","decl":{"start":{"line":10,"column":32},"end":{"line":10,"column":33}},"loc":{"start":{"line":10,"column":54},"end":{"line":38,"column":1}},"line":10}},"branchMap":{},"s":{"0":2,"1":5,"2":5,"3":5,"4":5,"5":5,"6":5,"7":5,"8":20,"9":20,"10":5,"11":5},"f":{"0":5},"b":{},"_coverageSchema":"1a1c01bbd47fc00a2c39e90264f33305004495a9","hash":"b7f01c50d6403493fd607575401cd22b5a796d1c"}
,"/home/roger/Apps/js-workspace/carousel/src/utility/getOptionOrDefault.js": {"path":"/home/roger/Apps/js-workspace/carousel/src/utility/getOptionOrDefault.js","statementMap":{"0":{"start":{"line":8,"column":34},"end":{"line":28,"column":1}},"1":{"start":{"line":10,"column":25},"end":{"line":10,"column":38}},"2":{"start":{"line":11,"column":26},"end":{"line":11,"column":40}},"3":{"start":{"line":13,"column":4},"end":{"line":15,"column":5}},"4":{"start":{"line":14,"column":8},"end":{"line":14,"column":49}},"5":{"start":{"line":17,"column":4},"end":{"line":25,"column":5}},"6":{"start":{"line":18,"column":8},"end":{"line":18,"column":39}},"7":{"start":{"line":20,"column":8},"end":{"line":24,"column":9}},"8":{"start":{"line":21,"column":12},"end":{"line":21,"column":44}},"9":{"start":{"line":23,"column":12},"end":{"line":23,"column":69}},"10":{"start":{"line":27,"column":4},"end":{"line":27,"column":16}}},"fnMap":{"0":{"name":"(anonymous_0)","decl":{"start":{"line":8,"column":34},"end":{"line":8,"column":35}},"loc":{"start":{"line":8,"column":82},"end":{"line":28,"column":1}},"line":8}},"branchMap":{"0":{"loc":{"start":{"line":8,"column":54},"end":{"line":8,"column":64}},"type":"default-arg","locations":[{"start":{"line":8,"column":62},"end":{"line":8,"column":64}}],"line":8},"1":{"loc":{"start":{"line":8,"column":66},"end":{"line":8,"column":77}},"type":"default-arg","locations":[{"start":{"line":8,"column":75},"end":{"line":8,"column":77}}],"line":8},"2":{"loc":{"start":{"line":13,"column":4},"end":{"line":15,"column":5}},"type":"if","locations":[{"start":{"line":13,"column":4},"end":{"line":15,"column":5}},{"start":{"line":13,"column":4},"end":{"line":15,"column":5}}],"line":13},"3":{"loc":{"start":{"line":13,"column":8},"end":{"line":13,"column":65}},"type":"binary-expr","locations":[{"start":{"line":13,"column":8},"end":{"line":13,"column":34}},{"start":{"line":13,"column":38},"end":{"line":13,"column":65}}],"line":13}},"s":{"0":3,"1":26,"2":26,"3":26,"4":2,"5":24,"6":24,"7":19,"8":19,"9":1,"10":23},"f":{"0":26},"b":{"0":[1],"1":[1],"2":[2,24],"3":[26,18]},"_coverageSchema":"1a1c01bbd47fc00a2c39e90264f33305004495a9","hash":"96c70e972d7eafa6b235069ae159eff32d39ae46"}
,"/home/roger/Apps/js-workspace/carousel/src/utility/initCarousels.js": {"path":"/home/roger/Apps/js-workspace/carousel/src/utility/initCarousels.js","statementMap":{"0":{"start":{"line":8,"column":29},"end":{"line":15,"column":1}},"1":{"start":{"line":9,"column":29},"end":{"line":9,"column":67}},"2":{"start":{"line":10,"column":4},"end":{"line":14,"column":5}},"3":{"start":{"line":11,"column":22},"end":{"line":11,"column":56}},"4":{"start":{"line":12,"column":25},"end":{"line":12,"column":44}},"5":{"start":{"line":13,"column":8},"end":{"line":13,"column":25}}},"fnMap":{"0":{"name":"(anonymous_0)","decl":{"start":{"line":8,"column":29},"end":{"line":8,"column":30}},"loc":{"start":{"line":8,"column":47},"end":{"line":15,"column":1}},"line":8}},"branchMap":{},"s":{"0":1,"1":2,"2":2,"3":3,"4":3,"5":3},"f":{"0":2},"b":{},"_coverageSchema":"1a1c01bbd47fc00a2c39e90264f33305004495a9","hash":"55bf01775b48df1aeab5ef87329a56fb38f516fd"}
,"/home/roger/Apps/js-workspace/carousel/src/utility/toInt.js": {"path":"/home/roger/Apps/js-workspace/carousel/src/utility/toInt.js","statementMap":{"0":{"start":{"line":6,"column":21},"end":{"line":12,"column":1}},"1":{"start":{"line":7,"column":4},"end":{"line":9,"column":5}},"2":{"start":{"line":8,"column":8},"end":{"line":8,"column":66}},"3":{"start":{"line":10,"column":20},"end":{"line":10,"column":37}},"4":{"start":{"line":11,"column":4},"end":{"line":11,"column":32}}},"fnMap":{"0":{"name":"(anonymous_0)","decl":{"start":{"line":6,"column":21},"end":{"line":6,"column":22}},"loc":{"start":{"line":6,"column":32},"end":{"line":12,"column":1}},"line":6}},"branchMap":{"0":{"loc":{"start":{"line":7,"column":4},"end":{"line":9,"column":5}},"type":"if","locations":[{"start":{"line":7,"column":4},"end":{"line":9,"column":5}},{"start":{"line":7,"column":4},"end":{"line":9,"column":5}}],"line":7}},"s":{"0":3,"1":44,"2":18,"3":26,"4":26},"f":{"0":44},"b":{"0":[18,26]},"_coverageSchema":"1a1c01bbd47fc00a2c39e90264f33305004495a9","hash":"c4ace5ee82565dbda5eda56e6484dc92f4c025a6"}
}
