{"/home/roger/Apps/js-workspace/carousel/src/animationManager.js": {"path":"/home/roger/Apps/js-workspace/carousel/src/animationManager.js","statementMap":{"0":{"start":{"line":18,"column":32},"end":{"line":35,"column":1}},"1":{"start":{"line":19,"column":4},"end":{"line":23,"column":5}},"2":{"start":{"line":20,"column":8},"end":{"line":20,"column":25}},"3":{"start":{"line":22,"column":8},"end":{"line":22,"column":26}},"4":{"start":{"line":25,"column":4},"end":{"line":25,"column":35}},"5":{"start":{"line":26,"column":28},"end":{"line":26,"column":72}},"6":{"start":{"line":27,"column":4},"end":{"line":31,"column":10}},"7":{"start":{"line":29,"column":12},"end":{"line":30,"column":44}},"8":{"start":{"line":30,"column":28},"end":{"line":30,"column":43}}},"fnMap":{"0":{"name":"(anonymous_0)","decl":{"start":{"line":18,"column":32},"end":{"line":18,"column":33}},"loc":{"start":{"line":18,"column":92},"end":{"line":35,"column":1}},"line":18},"1":{"name":"(anonymous_1)","decl":{"start":{"line":28,"column":14},"end":{"line":28,"column":15}},"loc":{"start":{"line":28,"column":20},"end":{"line":31,"column":9}},"line":28},"2":{"name":"(anonymous_2)","decl":{"start":{"line":30,"column":22},"end":{"line":30,"column":23}},"loc":{"start":{"line":30,"column":28},"end":{"line":30,"column":43}},"line":30}},"branchMap":{"0":{"loc":{"start":{"line":19,"column":4},"end":{"line":23,"column":5}},"type":"if","locations":[{"start":{"line":19,"column":4},"end":{"line":23,"column":5}},{"start":{"line":19,"column":4},"end":{"line":23,"column":5}}],"line":19}},"s":{"0":2,"1":6,"2":5,"3":1,"4":6,"5":6,"6":6,"7":6,"8":6},"f":{"0":6,"1":6,"2":6},"b":{"0":[5,1]},"_coverageSchema":"1a1c01bbd47fc00a2c39e90264f33305004495a9","hash":"830fac932d3ef22132a6a2a54ffe6c04a0927e84"}
,"/home/roger/Apps/js-workspace/carousel/src/slide-functions.js": {"path":"/home/roger/Apps/js-workspace/carousel/src/slide-functions.js","statementMap":{"0":{"start":{"line":5,"column":25},"end":{"line":10,"column":1}},"1":{"start":{"line":6,"column":21},"end":{"line":6,"column":38}},"2":{"start":{"line":7,"column":4},"end":{"line":9,"column":5}},"3":{"start":{"line":8,"column":8},"end":{"line":8,"column":89}},"4":{"start":{"line":16,"column":26},"end":{"line":21,"column":1}},"5":{"start":{"line":17,"column":21},"end":{"line":17,"column":38}},"6":{"start":{"line":18,"column":4},"end":{"line":20,"column":5}},"7":{"start":{"line":19,"column":8},"end":{"line":19,"column":84}},"8":{"start":{"line":29,"column":28},"end":{"line":38,"column":1}},"9":{"start":{"line":30,"column":21},"end":{"line":30,"column":38}},"10":{"start":{"line":31,"column":4},"end":{"line":37,"column":5}},"11":{"start":{"line":32,"column":8},"end":{"line":36,"column":17}},"12":{"start":{"line":33,"column":12},"end":{"line":33,"column":108}},"13":{"start":{"line":35,"column":12},"end":{"line":35,"column":100}},"14":{"start":{"line":44,"column":23},"end":{"line":52,"column":1}},"15":{"start":{"line":45,"column":4},"end":{"line":50,"column":5}},"16":{"start":{"line":46,"column":8},"end":{"line":46,"column":44}},"17":{"start":{"line":47,"column":8},"end":{"line":47,"column":30}},"18":{"start":{"line":48,"column":8},"end":{"line":48,"column":50}},"19":{"start":{"line":49,"column":8},"end":{"line":49,"column":33}},"20":{"start":{"line":51,"column":4},"end":{"line":51,"column":17}}},"fnMap":{"0":{"name":"(anonymous_0)","decl":{"start":{"line":5,"column":25},"end":{"line":5,"column":26}},"loc":{"start":{"line":5,"column":35},"end":{"line":10,"column":1}},"line":5},"1":{"name":"(anonymous_1)","decl":{"start":{"line":16,"column":26},"end":{"line":16,"column":27}},"loc":{"start":{"line":16,"column":36},"end":{"line":21,"column":1}},"line":16},"2":{"name":"(anonymous_2)","decl":{"start":{"line":29,"column":28},"end":{"line":29,"column":29}},"loc":{"start":{"line":29,"column":51},"end":{"line":38,"column":1}},"line":29},"3":{"name":"(anonymous_3)","decl":{"start":{"line":44,"column":23},"end":{"line":44,"column":24}},"loc":{"start":{"line":44,"column":33},"end":{"line":52,"column":1}},"line":44}},"branchMap":{"0":{"loc":{"start":{"line":8,"column":26},"end":{"line":8,"column":89}},"type":"cond-expr","locations":[{"start":{"line":8,"column":56},"end":{"line":8,"column":78}},{"start":{"line":8,"column":81},"end":{"line":8,"column":89}}],"line":8},"1":{"loc":{"start":{"line":19,"column":26},"end":{"line":19,"column":84}},"type":"cond-expr","locations":[{"start":{"line":19,"column":58},"end":{"line":19,"column":80}},{"start":{"line":19,"column":83},"end":{"line":19,"column":84}}],"line":19},"2":{"loc":{"start":{"line":32,"column":8},"end":{"line":36,"column":17}},"type":"if","locations":[{"start":{"line":32,"column":8},"end":{"line":36,"column":17}},{"start":{"line":32,"column":8},"end":{"line":36,"column":17}}],"line":32},"3":{"loc":{"start":{"line":33,"column":33},"end":{"line":33,"column":108}},"type":"cond-expr","locations":[{"start":{"line":33,"column":60},"end":{"line":33,"column":76}},{"start":{"line":33,"column":79},"end":{"line":33,"column":108}}],"line":33},"4":{"loc":{"start":{"line":35,"column":33},"end":{"line":35,"column":100}},"type":"cond-expr","locations":[{"start":{"line":35,"column":67},"end":{"line":35,"column":68}},{"start":{"line":35,"column":71},"end":{"line":35,"column":100}}],"line":35}},"s":{"0":3,"1":2,"2":2,"3":6,"4":3,"5":2,"6":2,"7":6,"8":3,"9":4,"10":4,"11":12,"12":6,"13":6,"14":3,"15":1,"16":3,"17":3,"18":3,"19":3,"20":1},"f":{"0":2,"1":2,"2":4,"3":1},"b":{"0":[4,2],"1":[4,2],"2":[6,6],"3":[2,4],"4":[2,4]},"_coverageSchema":"1a1c01bbd47fc00a2c39e90264f33305004495a9","hash":"ecd1b54b42da8cf0fe325106759e0b08f3c31ddc"}
,"/home/roger/Apps/js-workspace/carousel/src/animations/animateFrame.js": {"path":"/home/roger/Apps/js-workspace/carousel/src/animations/animateFrame.js","statementMap":{"0":{"start":{"line":9,"column":28},"end":{"line":16,"column":1}},"1":{"start":{"line":10,"column":4},"end":{"line":10,"column":65}},"2":{"start":{"line":10,"column":54},"end":{"line":10,"column":65}},"3":{"start":{"line":12,"column":18},"end":{"line":12,"column":95}},"4":{"start":{"line":13,"column":4},"end":{"line":13,"column":90}},"5":{"start":{"line":14,"column":4},"end":{"line":14,"column":112}},"6":{"start":{"line":14,"column":39},"end":{"line":14,"column":111}},"7":{"start":{"line":15,"column":4},"end":{"line":15,"column":16}}},"fnMap":{"0":{"name":"(anonymous_0)","decl":{"start":{"line":9,"column":28},"end":{"line":9,"column":29}},"loc":{"start":{"line":9,"column":53},"end":{"line":16,"column":1}},"line":9},"1":{"name":"(anonymous_1)","decl":{"start":{"line":14,"column":33},"end":{"line":14,"column":34}},"loc":{"start":{"line":14,"column":39},"end":{"line":14,"column":111}},"line":14}},"branchMap":{"0":{"loc":{"start":{"line":10,"column":4},"end":{"line":10,"column":65}},"type":"if","locations":[{"start":{"line":10,"column":4},"end":{"line":10,"column":65}},{"start":{"line":10,"column":4},"end":{"line":10,"column":65}}],"line":10},"1":{"loc":{"start":{"line":12,"column":18},"end":{"line":12,"column":95}},"type":"cond-expr","locations":[{"start":{"line":12,"column":63},"end":{"line":12,"column":75}},{"start":{"line":12,"column":78},"end":{"line":12,"column":95}}],"line":12}},"s":{"0":3,"1":5,"2":1,"3":4,"4":4,"5":4,"6":4,"7":4},"f":{"0":5,"1":4},"b":{"0":[1,4],"1":[1,3]},"_coverageSchema":"1a1c01bbd47fc00a2c39e90264f33305004495a9","hash":"69eb0603a39835a6c1bba6255aaf0fcabc950914"}
,"/home/roger/Apps/js-workspace/carousel/src/animations/executeAnimation.js": {"path":"/home/roger/Apps/js-workspace/carousel/src/animations/executeAnimation.js","statementMap":{"0":{"start":{"line":11,"column":32},"end":{"line":23,"column":1}},"1":{"start":{"line":13,"column":18},"end":{"line":13,"column":23}},"2":{"start":{"line":14,"column":22},"end":{"line":14,"column":49}},"3":{"start":{"line":15,"column":30},"end":{"line":15,"column":32}},"4":{"start":{"line":17,"column":4},"end":{"line":21,"column":5}},"5":{"start":{"line":18,"column":29},"end":{"line":18,"column":52}},"6":{"start":{"line":19,"column":33},"end":{"line":19,"column":87}},"7":{"start":{"line":20,"column":8},"end":{"line":20,"column":48}},"8":{"start":{"line":22,"column":4},"end":{"line":22,"column":28}}},"fnMap":{"0":{"name":"(anonymous_0)","decl":{"start":{"line":11,"column":32},"end":{"line":11,"column":33}},"loc":{"start":{"line":11,"column":54},"end":{"line":23,"column":1}},"line":11}},"branchMap":{},"s":{"0":2,"1":2,"2":2,"3":2,"4":2,"5":6,"6":6,"7":6,"8":2},"f":{"0":2},"b":{},"_coverageSchema":"1a1c01bbd47fc00a2c39e90264f33305004495a9","hash":"43928644380c008a5b016b0518b6a22db6e90d08"}
,"/home/roger/Apps/js-workspace/carousel/src/animations/getNextCoord.js": {"path":"/home/roger/Apps/js-workspace/carousel/src/animations/getNextCoord.js","statementMap":{"0":{"start":{"line":9,"column":28},"end":{"line":15,"column":1}},"1":{"start":{"line":10,"column":4},"end":{"line":14,"column":5}},"2":{"start":{"line":11,"column":8},"end":{"line":11,"column":73}},"3":{"start":{"line":13,"column":8},"end":{"line":13,"column":27}}},"fnMap":{"0":{"name":"(anonymous_0)","decl":{"start":{"line":9,"column":28},"end":{"line":9,"column":29}},"loc":{"start":{"line":9,"column":70},"end":{"line":15,"column":1}},"line":9}},"branchMap":{"0":{"loc":{"start":{"line":10,"column":4},"end":{"line":14,"column":5}},"type":"if","locations":[{"start":{"line":10,"column":4},"end":{"line":14,"column":5}},{"start":{"line":10,"column":4},"end":{"line":14,"column":5}}],"line":10}},"s":{"0":4,"1":2,"2":1,"3":1},"f":{"0":2},"b":{"0":[1,1]},"_coverageSchema":"1a1c01bbd47fc00a2c39e90264f33305004495a9","hash":"ee47d6bf93cc1728b36d6fb56b7fbc062b8db344"}
,"/home/roger/Apps/js-workspace/carousel/src/animations/prepareAnimation.js": {"path":"/home/roger/Apps/js-workspace/carousel/src/animations/prepareAnimation.js","statementMap":{"0":{"start":{"line":8,"column":32},"end":{"line":32,"column":1}},"1":{"start":{"line":9,"column":21},"end":{"line":9,"column":23}},"2":{"start":{"line":10,"column":4},"end":{"line":30,"column":5}},"3":{"start":{"line":12,"column":8},"end":{"line":16,"column":9}},"4":{"start":{"line":13,"column":12},"end":{"line":13,"column":45}},"5":{"start":{"line":15,"column":12},"end":{"line":15,"column":101}},"6":{"start":{"line":17,"column":8},"end":{"line":17,"column":39}},"7":{"start":{"line":18,"column":8},"end":{"line":18,"column":71}},"8":{"start":{"line":19,"column":8},"end":{"line":19,"column":44}},"9":{"start":{"line":21,"column":30},"end":{"line":28,"column":10}},"10":{"start":{"line":24,"column":12},"end":{"line":27,"column":17}},"11":{"start":{"line":25,"column":16},"end":{"line":25,"column":47}},"12":{"start":{"line":26,"column":16},"end":{"line":26,"column":25}},"13":{"start":{"line":29,"column":8},"end":{"line":29,"column":36}},"14":{"start":{"line":31,"column":4},"end":{"line":31,"column":19}}},"fnMap":{"0":{"name":"(anonymous_0)","decl":{"start":{"line":8,"column":32},"end":{"line":8,"column":33}},"loc":{"start":{"line":8,"column":66},"end":{"line":32,"column":1}},"line":8},"1":{"name":"(anonymous_1)","decl":{"start":{"line":21,"column":42},"end":{"line":21,"column":43}},"loc":{"start":{"line":21,"column":55},"end":{"line":28,"column":9}},"line":21},"2":{"name":"(anonymous_2)","decl":{"start":{"line":24,"column":30},"end":{"line":24,"column":31}},"loc":{"start":{"line":24,"column":36},"end":{"line":27,"column":13}},"line":24}},"branchMap":{"0":{"loc":{"start":{"line":12,"column":8},"end":{"line":16,"column":9}},"type":"if","locations":[{"start":{"line":12,"column":8},"end":{"line":16,"column":9}},{"start":{"line":12,"column":8},"end":{"line":16,"column":9}}],"line":12},"1":{"loc":{"start":{"line":12,"column":12},"end":{"line":12,"column":98}},"type":"binary-expr","locations":[{"start":{"line":12,"column":12},"end":{"line":12,"column":34}},{"start":{"line":12,"column":38},"end":{"line":12,"column":98}}],"line":12},"2":{"loc":{"start":{"line":15,"column":27},"end":{"line":15,"column":101}},"type":"cond-expr","locations":[{"start":{"line":15,"column":43},"end":{"line":15,"column":82}},{"start":{"line":15,"column":85},"end":{"line":15,"column":101}}],"line":15}},"s":{"0":2,"1":9,"2":9,"3":24,"4":12,"5":12,"6":24,"7":24,"8":24,"9":24,"10":24,"11":8,"12":8,"13":24,"14":9},"f":{"0":9,"1":24,"2":8},"b":{"0":[12,12],"1":[24,15],"2":[11,1]},"_coverageSchema":"1a1c01bbd47fc00a2c39e90264f33305004495a9","hash":"a4b9fd505759ee8c0ff2b089edf554a8f8be594c"}
,"/home/roger/Apps/js-workspace/carousel/src/components/Carousel.js": {"path":"/home/roger/Apps/js-workspace/carousel/src/components/Carousel.js","statementMap":{"0":{"start":{"line":32,"column":8},"end":{"line":32,"column":33}},"1":{"start":{"line":33,"column":8},"end":{"line":33,"column":23}},"2":{"start":{"line":34,"column":8},"end":{"line":34,"column":27}},"3":{"start":{"line":35,"column":8},"end":{"line":35,"column":30}},"4":{"start":{"line":36,"column":8},"end":{"line":36,"column":28}},"5":{"start":{"line":37,"column":8},"end":{"line":37,"column":34}},"6":{"start":{"line":38,"column":8},"end":{"line":38,"column":32}},"7":{"start":{"line":39,"column":8},"end":{"line":39,"column":36}},"8":{"start":{"line":40,"column":8},"end":{"line":40,"column":48}},"9":{"start":{"line":44,"column":8},"end":{"line":44,"column":96}},"10":{"start":{"line":44,"column":49},"end":{"line":44,"column":96}},"11":{"start":{"line":45,"column":8},"end":{"line":45,"column":26}},"12":{"start":{"line":49,"column":8},"end":{"line":49,"column":28}},"13":{"start":{"line":53,"column":8},"end":{"line":53,"column":71}},"14":{"start":{"line":53,"column":40},"end":{"line":53,"column":71}},"15":{"start":{"line":54,"column":8},"end":{"line":54,"column":64}},"16":{"start":{"line":54,"column":26},"end":{"line":54,"column":64}},"17":{"start":{"line":55,"column":8},"end":{"line":55,"column":24}},"18":{"start":{"line":59,"column":8},"end":{"line":59,"column":27}},"19":{"start":{"line":63,"column":8},"end":{"line":63,"column":76}},"20":{"start":{"line":63,"column":43},"end":{"line":63,"column":76}},"21":{"start":{"line":64,"column":8},"end":{"line":64,"column":27}},"22":{"start":{"line":68,"column":8},"end":{"line":68,"column":30}},"23":{"start":{"line":72,"column":8},"end":{"line":72,"column":68}},"24":{"start":{"line":72,"column":35},"end":{"line":72,"column":68}},"25":{"start":{"line":73,"column":8},"end":{"line":73,"column":26}},"26":{"start":{"line":77,"column":8},"end":{"line":77,"column":29}},"27":{"start":{"line":81,"column":8},"end":{"line":81,"column":70}},"28":{"start":{"line":81,"column":35},"end":{"line":81,"column":70}},"29":{"start":{"line":82,"column":8},"end":{"line":82,"column":28}},"30":{"start":{"line":86,"column":8},"end":{"line":86,"column":31}},"31":{"start":{"line":90,"column":8},"end":{"line":90,"column":76}},"32":{"start":{"line":90,"column":35},"end":{"line":90,"column":76}},"33":{"start":{"line":91,"column":8},"end":{"line":91,"column":34}},"34":{"start":{"line":95,"column":8},"end":{"line":95,"column":37}},"35":{"start":{"line":104,"column":24},"end":{"line":132,"column":5}},"36":{"start":{"line":105,"column":26},"end":{"line":105,"column":72}},"37":{"start":{"line":106,"column":31},"end":{"line":106,"column":70}},"38":{"start":{"line":107,"column":27},"end":{"line":107,"column":65}},"39":{"start":{"line":108,"column":8},"end":{"line":108,"column":30}},"40":{"start":{"line":109,"column":25},"end":{"line":109,"column":47}},"41":{"start":{"line":110,"column":8},"end":{"line":121,"column":10}},"42":{"start":{"line":111,"column":26},"end":{"line":118,"column":14}},"43":{"start":{"line":119,"column":12},"end":{"line":119,"column":26}},"44":{"start":{"line":120,"column":12},"end":{"line":120,"column":41}},"45":{"start":{"line":122,"column":30},"end":{"line":122,"column":75}},"46":{"start":{"line":122,"column":61},"end":{"line":122,"column":74}},"47":{"start":{"line":124,"column":8},"end":{"line":126,"column":9}},"48":{"start":{"line":125,"column":12},"end":{"line":125,"column":42}},"49":{"start":{"line":128,"column":8},"end":{"line":128,"column":52}},"50":{"start":{"line":129,"column":8},"end":{"line":129,"column":52}},"51":{"start":{"line":130,"column":8},"end":{"line":130,"column":44}},"52":{"start":{"line":131,"column":8},"end":{"line":131,"column":26}},"53":{"start":{"line":137,"column":20},"end":{"line":140,"column":5}},"54":{"start":{"line":138,"column":8},"end":{"line":138,"column":26}},"55":{"start":{"line":139,"column":8},"end":{"line":139,"column":21}},"56":{"start":{"line":145,"column":18},"end":{"line":148,"column":5}},"57":{"start":{"line":146,"column":8},"end":{"line":146,"column":47}},"58":{"start":{"line":147,"column":8},"end":{"line":147,"column":39}},"59":{"start":{"line":153,"column":18},"end":{"line":160,"column":5}},"60":{"start":{"line":154,"column":22},"end":{"line":154,"column":53}},"61":{"start":{"line":155,"column":8},"end":{"line":159,"column":17}},"62":{"start":{"line":156,"column":12},"end":{"line":158,"column":13}},"63":{"start":{"line":157,"column":16},"end":{"line":157,"column":53}},"64":{"start":{"line":167,"column":23},"end":{"line":181,"column":5}},"65":{"start":{"line":168,"column":8},"end":{"line":168,"column":47}},"66":{"start":{"line":168,"column":35},"end":{"line":168,"column":47}},"67":{"start":{"line":169,"column":8},"end":{"line":169,"column":28}},"68":{"start":{"line":170,"column":23},"end":{"line":170,"column":40}},"69":{"start":{"line":171,"column":8},"end":{"line":176,"column":9}},"70":{"start":{"line":177,"column":8},"end":{"line":179,"column":25}},"71":{"start":{"line":178,"column":12},"end":{"line":178,"column":31}},"72":{"start":{"line":180,"column":8},"end":{"line":180,"column":19}},"73":{"start":{"line":188,"column":16},"end":{"line":191,"column":5}},"74":{"start":{"line":189,"column":26},"end":{"line":189,"column":72}},"75":{"start":{"line":190,"column":8},"end":{"line":190,"column":91}},"76":{"start":{"line":190,"column":36},"end":{"line":190,"column":91}},"77":{"start":{"line":197,"column":19},"end":{"line":199,"column":5}},"78":{"start":{"line":198,"column":8},"end":{"line":198,"column":82}},"79":{"start":{"line":198,"column":35},"end":{"line":198,"column":82}},"80":{"start":{"line":205,"column":13},"end":{"line":224,"column":5}},"81":{"start":{"line":206,"column":19},"end":{"line":206,"column":48}},"82":{"start":{"line":207,"column":8},"end":{"line":207,"column":36}},"83":{"start":{"line":208,"column":26},"end":{"line":208,"column":55}},"84":{"start":{"line":209,"column":8},"end":{"line":209,"column":50}},"85":{"start":{"line":210,"column":8},"end":{"line":215,"column":9}},"86":{"start":{"line":216,"column":8},"end":{"line":216,"column":33}},"87":{"start":{"line":217,"column":8},"end":{"line":222,"column":9}},"88":{"start":{"line":223,"column":8},"end":{"line":223,"column":17}},"89":{"start":{"line":230,"column":12},"end":{"line":237,"column":5}},"90":{"start":{"line":231,"column":27},"end":{"line":231,"column":64}},"91":{"start":{"line":232,"column":8},"end":{"line":232,"column":25}},"92":{"start":{"line":233,"column":8},"end":{"line":235,"column":9}},"93":{"start":{"line":234,"column":12},"end":{"line":234,"column":36}},"94":{"start":{"line":236,"column":8},"end":{"line":236,"column":25}},"95":{"start":{"line":242,"column":13},"end":{"line":244,"column":5}},"96":{"start":{"line":243,"column":8},"end":{"line":243,"column":33}}},"fnMap":{"0":{"name":"(anonymous_0)","decl":{"start":{"line":24,"column":4},"end":{"line":24,"column":5}},"loc":{"start":{"line":31,"column":7},"end":{"line":41,"column":5}},"line":31},"1":{"name":"(anonymous_1)","decl":{"start":{"line":43,"column":4},"end":{"line":43,"column":5}},"loc":{"start":{"line":43,"column":20},"end":{"line":46,"column":5}},"line":43},"2":{"name":"(anonymous_2)","decl":{"start":{"line":48,"column":4},"end":{"line":48,"column":5}},"loc":{"start":{"line":48,"column":18},"end":{"line":50,"column":5}},"line":48},"3":{"name":"(anonymous_3)","decl":{"start":{"line":52,"column":4},"end":{"line":52,"column":5}},"loc":{"start":{"line":52,"column":18},"end":{"line":56,"column":5}},"line":52},"4":{"name":"(anonymous_4)","decl":{"start":{"line":58,"column":4},"end":{"line":58,"column":5}},"loc":{"start":{"line":58,"column":17},"end":{"line":60,"column":5}},"line":58},"5":{"name":"(anonymous_5)","decl":{"start":{"line":62,"column":4},"end":{"line":62,"column":5}},"loc":{"start":{"line":62,"column":21},"end":{"line":65,"column":5}},"line":62},"6":{"name":"(anonymous_6)","decl":{"start":{"line":67,"column":4},"end":{"line":67,"column":5}},"loc":{"start":{"line":67,"column":20},"end":{"line":69,"column":5}},"line":67},"7":{"name":"(anonymous_7)","decl":{"start":{"line":71,"column":4},"end":{"line":71,"column":5}},"loc":{"start":{"line":71,"column":20},"end":{"line":74,"column":5}},"line":71},"8":{"name":"(anonymous_8)","decl":{"start":{"line":76,"column":4},"end":{"line":76,"column":5}},"loc":{"start":{"line":76,"column":19},"end":{"line":78,"column":5}},"line":76},"9":{"name":"(anonymous_9)","decl":{"start":{"line":80,"column":4},"end":{"line":80,"column":5}},"loc":{"start":{"line":80,"column":22},"end":{"line":83,"column":5}},"line":80},"10":{"name":"(anonymous_10)","decl":{"start":{"line":85,"column":4},"end":{"line":85,"column":5}},"loc":{"start":{"line":85,"column":21},"end":{"line":87,"column":5}},"line":85},"11":{"name":"(anonymous_11)","decl":{"start":{"line":89,"column":4},"end":{"line":89,"column":5}},"loc":{"start":{"line":89,"column":28},"end":{"line":92,"column":5}},"line":89},"12":{"name":"(anonymous_12)","decl":{"start":{"line":94,"column":4},"end":{"line":94,"column":5}},"loc":{"start":{"line":94,"column":27},"end":{"line":96,"column":5}},"line":94},"13":{"name":"(anonymous_13)","decl":{"start":{"line":104,"column":24},"end":{"line":104,"column":25}},"loc":{"start":{"line":104,"column":30},"end":{"line":132,"column":5}},"line":104},"14":{"name":"(anonymous_14)","decl":{"start":{"line":110,"column":28},"end":{"line":110,"column":29}},"loc":{"start":{"line":110,"column":47},"end":{"line":121,"column":9}},"line":110},"15":{"name":"(anonymous_15)","decl":{"start":{"line":122,"column":52},"end":{"line":122,"column":53}},"loc":{"start":{"line":122,"column":61},"end":{"line":122,"column":74}},"line":122},"16":{"name":"(anonymous_16)","decl":{"start":{"line":137,"column":20},"end":{"line":137,"column":21}},"loc":{"start":{"line":137,"column":26},"end":{"line":140,"column":5}},"line":137},"17":{"name":"(anonymous_17)","decl":{"start":{"line":145,"column":18},"end":{"line":145,"column":19}},"loc":{"start":{"line":145,"column":24},"end":{"line":148,"column":5}},"line":145},"18":{"name":"(anonymous_18)","decl":{"start":{"line":153,"column":18},"end":{"line":153,"column":19}},"loc":{"start":{"line":153,"column":24},"end":{"line":160,"column":5}},"line":153},"19":{"name":"(anonymous_19)","decl":{"start":{"line":155,"column":47},"end":{"line":155,"column":48}},"loc":{"start":{"line":155,"column":53},"end":{"line":159,"column":9}},"line":155},"20":{"name":"(anonymous_20)","decl":{"start":{"line":167,"column":23},"end":{"line":167,"column":24}},"loc":{"start":{"line":167,"column":38},"end":{"line":181,"column":5}},"line":167},"21":{"name":"(anonymous_21)","decl":{"start":{"line":177,"column":19},"end":{"line":177,"column":20}},"loc":{"start":{"line":177,"column":25},"end":{"line":179,"column":9}},"line":177},"22":{"name":"(anonymous_22)","decl":{"start":{"line":188,"column":16},"end":{"line":188,"column":17}},"loc":{"start":{"line":188,"column":31},"end":{"line":191,"column":5}},"line":188},"23":{"name":"(anonymous_23)","decl":{"start":{"line":190,"column":15},"end":{"line":190,"column":16}},"loc":{"start":{"line":190,"column":36},"end":{"line":190,"column":91}},"line":190},"24":{"name":"(anonymous_24)","decl":{"start":{"line":197,"column":19},"end":{"line":197,"column":20}},"loc":{"start":{"line":197,"column":25},"end":{"line":199,"column":5}},"line":197},"25":{"name":"(anonymous_25)","decl":{"start":{"line":198,"column":15},"end":{"line":198,"column":16}},"loc":{"start":{"line":198,"column":35},"end":{"line":198,"column":82}},"line":198},"26":{"name":"(anonymous_26)","decl":{"start":{"line":205,"column":13},"end":{"line":205,"column":14}},"loc":{"start":{"line":205,"column":19},"end":{"line":224,"column":5}},"line":205},"27":{"name":"(anonymous_27)","decl":{"start":{"line":230,"column":12},"end":{"line":230,"column":13}},"loc":{"start":{"line":230,"column":20},"end":{"line":237,"column":5}},"line":230},"28":{"name":"(anonymous_28)","decl":{"start":{"line":242,"column":13},"end":{"line":242,"column":14}},"loc":{"start":{"line":242,"column":19},"end":{"line":244,"column":5}},"line":242}},"branchMap":{"0":{"loc":{"start":{"line":44,"column":8},"end":{"line":44,"column":96}},"type":"if","locations":[{"start":{"line":44,"column":8},"end":{"line":44,"column":96}},{"start":{"line":44,"column":8},"end":{"line":44,"column":96}}],"line":44},"1":{"loc":{"start":{"line":53,"column":8},"end":{"line":53,"column":71}},"type":"if","locations":[{"start":{"line":53,"column":8},"end":{"line":53,"column":71}},{"start":{"line":53,"column":8},"end":{"line":53,"column":71}}],"line":53},"2":{"loc":{"start":{"line":54,"column":8},"end":{"line":54,"column":64}},"type":"if","locations":[{"start":{"line":54,"column":8},"end":{"line":54,"column":64}},{"start":{"line":54,"column":8},"end":{"line":54,"column":64}}],"line":54},"3":{"loc":{"start":{"line":63,"column":8},"end":{"line":63,"column":76}},"type":"if","locations":[{"start":{"line":63,"column":8},"end":{"line":63,"column":76}},{"start":{"line":63,"column":8},"end":{"line":63,"column":76}}],"line":63},"4":{"loc":{"start":{"line":72,"column":8},"end":{"line":72,"column":68}},"type":"if","locations":[{"start":{"line":72,"column":8},"end":{"line":72,"column":68}},{"start":{"line":72,"column":8},"end":{"line":72,"column":68}}],"line":72},"5":{"loc":{"start":{"line":81,"column":8},"end":{"line":81,"column":70}},"type":"if","locations":[{"start":{"line":81,"column":8},"end":{"line":81,"column":70}},{"start":{"line":81,"column":8},"end":{"line":81,"column":70}}],"line":81},"6":{"loc":{"start":{"line":90,"column":8},"end":{"line":90,"column":76}},"type":"if","locations":[{"start":{"line":90,"column":8},"end":{"line":90,"column":76}},{"start":{"line":90,"column":8},"end":{"line":90,"column":76}}],"line":90},"7":{"loc":{"start":{"line":116,"column":33},"end":{"line":116,"column":76}},"type":"cond-expr","locations":[{"start":{"line":116,"column":48},"end":{"line":116,"column":62}},{"start":{"line":116,"column":65},"end":{"line":116,"column":76}}],"line":116},"8":{"loc":{"start":{"line":156,"column":12},"end":{"line":158,"column":13}},"type":"if","locations":[{"start":{"line":156,"column":12},"end":{"line":158,"column":13}},{"start":{"line":156,"column":12},"end":{"line":158,"column":13}}],"line":156},"9":{"loc":{"start":{"line":168,"column":8},"end":{"line":168,"column":47}},"type":"if","locations":[{"start":{"line":168,"column":8},"end":{"line":168,"column":47}},{"start":{"line":168,"column":8},"end":{"line":168,"column":47}}],"line":168},"10":{"loc":{"start":{"line":233,"column":8},"end":{"line":235,"column":9}},"type":"if","locations":[{"start":{"line":233,"column":8},"end":{"line":235,"column":9}},{"start":{"line":233,"column":8},"end":{"line":235,"column":9}}],"line":233}},"s":{"0":55,"1":55,"2":55,"3":55,"4":55,"5":55,"6":55,"7":55,"8":55,"9":65,"10":1,"11":64,"12":37,"13":58,"14":1,"15":57,"16":1,"17":56,"18":16,"19":57,"20":1,"21":56,"22":5,"23":59,"24":1,"25":58,"26":10,"27":58,"28":1,"29":57,"30":6,"31":58,"32":1,"33":57,"34":12,"35":55,"36":7,"37":7,"38":7,"39":7,"40":7,"41":7,"42":14,"43":14,"44":14,"45":7,"46":14,"47":7,"48":14,"49":7,"50":7,"51":7,"52":7,"53":55,"54":1,"55":1,"56":55,"57":2,"58":2,"59":55,"60":4,"61":4,"62":4,"63":3,"64":55,"65":4,"66":1,"67":3,"68":3,"69":3,"70":3,"71":1,"72":3,"73":55,"74":1,"75":1,"76":1,"77":55,"78":1,"79":1,"80":55,"81":6,"82":6,"83":6,"84":6,"85":6,"86":6,"87":6,"88":6,"89":55,"90":6,"91":5,"92":5,"93":2,"94":5,"95":55,"96":1},"f":{"0":55,"1":65,"2":37,"3":58,"4":16,"5":57,"6":5,"7":59,"8":10,"9":58,"10":6,"11":58,"12":12,"13":7,"14":14,"15":14,"16":1,"17":2,"18":4,"19":4,"20":4,"21":1,"22":1,"23":1,"24":1,"25":1,"26":6,"27":6,"28":1},"b":{"0":[1,64],"1":[1,57],"2":[1,56],"3":[1,56],"4":[1,58],"5":[1,57],"6":[1,57],"7":[7,7],"8":[3,1],"9":[1,3],"10":[2,3]},"_coverageSchema":"1a1c01bbd47fc00a2c39e90264f33305004495a9","hash":"855c1b2e03f2d69ecd316da2fd2ea96dfa8a5f82"}
,"/home/roger/Apps/js-workspace/carousel/src/components/Slide.js": {"path":"/home/roger/Apps/js-workspace/carousel/src/components/Slide.js","statementMap":{"0":{"start":{"line":25,"column":8},"end":{"line":25,"column":34}},"1":{"start":{"line":33,"column":19},"end":{"line":33,"column":48}},"2":{"start":{"line":34,"column":8},"end":{"line":34,"column":33}},"3":{"start":{"line":35,"column":8},"end":{"line":35,"column":42}},"4":{"start":{"line":36,"column":8},"end":{"line":36,"column":68}},"5":{"start":{"line":37,"column":8},"end":{"line":37,"column":35}},"6":{"start":{"line":38,"column":8},"end":{"line":38,"column":17}},"7":{"start":{"line":46,"column":27},"end":{"line":46,"column":64}},"8":{"start":{"line":47,"column":8},"end":{"line":47,"column":25}},"9":{"start":{"line":48,"column":8},"end":{"line":48,"column":25}},"10":{"start":{"line":55,"column":8},"end":{"line":55,"column":33}}},"fnMap":{"0":{"name":"(anonymous_0)","decl":{"start":{"line":16,"column":4},"end":{"line":16,"column":5}},"loc":{"start":{"line":24,"column":7},"end":{"line":26,"column":5}},"line":24},"1":{"name":"(anonymous_1)","decl":{"start":{"line":32,"column":4},"end":{"line":32,"column":5}},"loc":{"start":{"line":32,"column":13},"end":{"line":39,"column":5}},"line":32},"2":{"name":"(anonymous_2)","decl":{"start":{"line":45,"column":4},"end":{"line":45,"column":5}},"loc":{"start":{"line":45,"column":14},"end":{"line":49,"column":5}},"line":45},"3":{"name":"(anonymous_3)","decl":{"start":{"line":54,"column":4},"end":{"line":54,"column":5}},"loc":{"start":{"line":54,"column":13},"end":{"line":56,"column":5}},"line":54}},"branchMap":{"0":{"loc":{"start":{"line":16,"column":16},"end":{"line":24,"column":5}},"type":"default-arg","locations":[{"start":{"line":16,"column":24},"end":{"line":24,"column":5}}],"line":16}},"s":{"0":11,"1":7,"2":7,"3":7,"4":7,"5":7,"6":7,"7":5,"8":4,"9":4,"10":1},"f":{"0":11,"1":7,"2":5,"3":1},"b":{"0":[10]},"_coverageSchema":"1a1c01bbd47fc00a2c39e90264f33305004495a9","hash":"612dd7e64ec748e6fabf2dff3f3ea35e1d3d729d"}
,"/home/roger/Apps/js-workspace/carousel/src/utility/getCarouselProps.js": {"path":"/home/roger/Apps/js-workspace/carousel/src/utility/getCarouselProps.js","statementMap":{"0":{"start":{"line":10,"column":32},"end":{"line":38,"column":1}},"1":{"start":{"line":11,"column":28},"end":{"line":13,"column":5}},"2":{"start":{"line":14,"column":20},"end":{"line":14,"column":30}},"3":{"start":{"line":15,"column":21},"end":{"line":15,"column":33}},"4":{"start":{"line":16,"column":18},"end":{"line":22,"column":5}},"5":{"start":{"line":24,"column":26},"end":{"line":24,"column":55}},"6":{"start":{"line":25,"column":4},"end":{"line":30,"column":5}},"7":{"start":{"line":25,"column":17},"end":{"line":25,"column":18}},"8":{"start":{"line":26,"column":22},"end":{"line":26,"column":38}},"9":{"start":{"line":27,"column":8},"end":{"line":29,"column":10}},"10":{"start":{"line":32,"column":4},"end":{"line":35,"column":5}},"11":{"start":{"line":37,"column":4},"end":{"line":37,"column":16}}},"fnMap":{"0":{"name":"(anonymous_0)","decl":{"start":{"line":10,"column":32},"end":{"line":10,"column":33}},"loc":{"start":{"line":10,"column":54},"end":{"line":38,"column":1}},"line":10}},"branchMap":{},"s":{"0":2,"1":5,"2":5,"3":5,"4":5,"5":5,"6":5,"7":5,"8":20,"9":20,"10":5,"11":5},"f":{"0":5},"b":{},"_coverageSchema":"1a1c01bbd47fc00a2c39e90264f33305004495a9","hash":"b7f01c50d6403493fd607575401cd22b5a796d1c"}
,"/home/roger/Apps/js-workspace/carousel/src/utility/getOffscreenSlides.js": {"path":"/home/roger/Apps/js-workspace/carousel/src/utility/getOffscreenSlides.js","statementMap":{"0":{"start":{"line":7,"column":34},"end":{"line":10,"column":1}},"1":{"start":{"line":8,"column":28},"end":{"line":8,"column":90}},"2":{"start":{"line":8,"column":51},"end":{"line":8,"column":89}},"3":{"start":{"line":9,"column":4},"end":{"line":9,"column":26}}},"fnMap":{"0":{"name":"(anonymous_0)","decl":{"start":{"line":7,"column":34},"end":{"line":7,"column":35}},"loc":{"start":{"line":7,"column":64},"end":{"line":10,"column":1}},"line":7},"1":{"name":"(anonymous_1)","decl":{"start":{"line":8,"column":42},"end":{"line":8,"column":43}},"loc":{"start":{"line":8,"column":51},"end":{"line":8,"column":89}},"line":8}},"branchMap":{},"s":{"0":3,"1":1,"2":4,"3":1},"f":{"0":1,"1":4},"b":{},"_coverageSchema":"1a1c01bbd47fc00a2c39e90264f33305004495a9","hash":"bcf8e6f384400b1fe6382a8a4fbad2a1c3287038"}
,"/home/roger/Apps/js-workspace/carousel/src/utility/getOptionOrDefault.js": {"path":"/home/roger/Apps/js-workspace/carousel/src/utility/getOptionOrDefault.js","statementMap":{"0":{"start":{"line":8,"column":34},"end":{"line":28,"column":1}},"1":{"start":{"line":10,"column":25},"end":{"line":10,"column":38}},"2":{"start":{"line":11,"column":26},"end":{"line":11,"column":40}},"3":{"start":{"line":13,"column":4},"end":{"line":15,"column":5}},"4":{"start":{"line":14,"column":8},"end":{"line":14,"column":49}},"5":{"start":{"line":17,"column":4},"end":{"line":25,"column":5}},"6":{"start":{"line":18,"column":8},"end":{"line":18,"column":39}},"7":{"start":{"line":20,"column":8},"end":{"line":24,"column":9}},"8":{"start":{"line":21,"column":12},"end":{"line":21,"column":44}},"9":{"start":{"line":23,"column":12},"end":{"line":23,"column":69}},"10":{"start":{"line":27,"column":4},"end":{"line":27,"column":16}}},"fnMap":{"0":{"name":"(anonymous_0)","decl":{"start":{"line":8,"column":34},"end":{"line":8,"column":35}},"loc":{"start":{"line":8,"column":82},"end":{"line":28,"column":1}},"line":8}},"branchMap":{"0":{"loc":{"start":{"line":8,"column":54},"end":{"line":8,"column":64}},"type":"default-arg","locations":[{"start":{"line":8,"column":62},"end":{"line":8,"column":64}}],"line":8},"1":{"loc":{"start":{"line":8,"column":66},"end":{"line":8,"column":77}},"type":"default-arg","locations":[{"start":{"line":8,"column":75},"end":{"line":8,"column":77}}],"line":8},"2":{"loc":{"start":{"line":13,"column":4},"end":{"line":15,"column":5}},"type":"if","locations":[{"start":{"line":13,"column":4},"end":{"line":15,"column":5}},{"start":{"line":13,"column":4},"end":{"line":15,"column":5}}],"line":13},"3":{"loc":{"start":{"line":13,"column":8},"end":{"line":13,"column":65}},"type":"binary-expr","locations":[{"start":{"line":13,"column":8},"end":{"line":13,"column":34}},{"start":{"line":13,"column":38},"end":{"line":13,"column":65}}],"line":13}},"s":{"0":3,"1":26,"2":26,"3":26,"4":2,"5":24,"6":24,"7":19,"8":19,"9":1,"10":23},"f":{"0":26},"b":{"0":[1],"1":[1],"2":[2,24],"3":[26,18]},"_coverageSchema":"1a1c01bbd47fc00a2c39e90264f33305004495a9","hash":"96c70e972d7eafa6b235069ae159eff32d39ae46"}
,"/home/roger/Apps/js-workspace/carousel/src/utility/initCarousels.js": {"path":"/home/roger/Apps/js-workspace/carousel/src/utility/initCarousels.js","statementMap":{"0":{"start":{"line":8,"column":29},"end":{"line":15,"column":1}},"1":{"start":{"line":9,"column":29},"end":{"line":9,"column":67}},"2":{"start":{"line":10,"column":4},"end":{"line":14,"column":5}},"3":{"start":{"line":11,"column":22},"end":{"line":11,"column":56}},"4":{"start":{"line":12,"column":25},"end":{"line":12,"column":44}},"5":{"start":{"line":13,"column":8},"end":{"line":13,"column":25}}},"fnMap":{"0":{"name":"(anonymous_0)","decl":{"start":{"line":8,"column":29},"end":{"line":8,"column":30}},"loc":{"start":{"line":8,"column":47},"end":{"line":15,"column":1}},"line":8}},"branchMap":{},"s":{"0":1,"1":2,"2":2,"3":3,"4":3,"5":3},"f":{"0":2},"b":{},"_coverageSchema":"1a1c01bbd47fc00a2c39e90264f33305004495a9","hash":"55bf01775b48df1aeab5ef87329a56fb38f516fd"}
,"/home/roger/Apps/js-workspace/carousel/src/utility/recurTilTrue.js": {"path":"/home/roger/Apps/js-workspace/carousel/src/utility/recurTilTrue.js","statementMap":{"0":{"start":{"line":8,"column":28},"end":{"line":21,"column":1}},"1":{"start":{"line":9,"column":4},"end":{"line":20,"column":6}},"2":{"start":{"line":10,"column":23},"end":{"line":19,"column":17}},"3":{"start":{"line":11,"column":12},"end":{"line":18,"column":13}},"4":{"start":{"line":12,"column":16},"end":{"line":15,"column":17}},"5":{"start":{"line":13,"column":20},"end":{"line":13,"column":50}},"6":{"start":{"line":14,"column":20},"end":{"line":14,"column":29}},"7":{"start":{"line":17,"column":16},"end":{"line":17,"column":27}}},"fnMap":{"0":{"name":"(anonymous_0)","decl":{"start":{"line":8,"column":28},"end":{"line":8,"column":29}},"loc":{"start":{"line":8,"column":61},"end":{"line":21,"column":1}},"line":8},"1":{"name":"(anonymous_1)","decl":{"start":{"line":9,"column":23},"end":{"line":9,"column":24}},"loc":{"start":{"line":9,"column":44},"end":{"line":20,"column":5}},"line":9},"2":{"name":"(anonymous_2)","decl":{"start":{"line":10,"column":42},"end":{"line":10,"column":43}},"loc":{"start":{"line":10,"column":48},"end":{"line":19,"column":9}},"line":10}},"branchMap":{"0":{"loc":{"start":{"line":12,"column":16},"end":{"line":15,"column":17}},"type":"if","locations":[{"start":{"line":12,"column":16},"end":{"line":15,"column":17}},{"start":{"line":12,"column":16},"end":{"line":15,"column":17}}],"line":12}},"s":{"0":3,"1":2,"2":2,"3":3,"4":3,"5":1,"6":1,"7":1},"f":{"0":2,"1":2,"2":3},"b":{"0":[1,1]},"_coverageSchema":"1a1c01bbd47fc00a2c39e90264f33305004495a9","hash":"512a8a83ff5dcf6394b815101791f3c0fc559142"}
,"/home/roger/Apps/js-workspace/carousel/src/utility/replaceChildElement.js": {"path":"/home/roger/Apps/js-workspace/carousel/src/utility/replaceChildElement.js","statementMap":{"0":{"start":{"line":6,"column":35},"end":{"line":12,"column":1}},"1":{"start":{"line":7,"column":4},"end":{"line":7,"column":95}},"2":{"start":{"line":7,"column":53},"end":{"line":7,"column":95}},"3":{"start":{"line":8,"column":4},"end":{"line":8,"column":70}},"4":{"start":{"line":8,"column":58},"end":{"line":8,"column":70}},"5":{"start":{"line":9,"column":4},"end":{"line":9,"column":57}},"6":{"start":{"line":9,"column":45},"end":{"line":9,"column":57}},"7":{"start":{"line":10,"column":4},"end":{"line":10,"column":72}},"8":{"start":{"line":11,"column":4},"end":{"line":11,"column":15}}},"fnMap":{"0":{"name":"(anonymous_0)","decl":{"start":{"line":6,"column":35},"end":{"line":6,"column":36}},"loc":{"start":{"line":6,"column":68},"end":{"line":12,"column":1}},"line":6}},"branchMap":{"0":{"loc":{"start":{"line":7,"column":4},"end":{"line":7,"column":95}},"type":"if","locations":[{"start":{"line":7,"column":4},"end":{"line":7,"column":95}},{"start":{"line":7,"column":4},"end":{"line":7,"column":95}}],"line":7},"1":{"loc":{"start":{"line":8,"column":4},"end":{"line":8,"column":70}},"type":"if","locations":[{"start":{"line":8,"column":4},"end":{"line":8,"column":70}},{"start":{"line":8,"column":4},"end":{"line":8,"column":70}}],"line":8},"2":{"loc":{"start":{"line":9,"column":4},"end":{"line":9,"column":57}},"type":"if","locations":[{"start":{"line":9,"column":4},"end":{"line":9,"column":57}},{"start":{"line":9,"column":4},"end":{"line":9,"column":57}}],"line":9}},"s":{"0":3,"1":15,"2":3,"3":12,"4":3,"5":9,"6":5,"7":4,"8":4},"f":{"0":15},"b":{"0":[3,12],"1":[3,9],"2":[5,4]},"_coverageSchema":"1a1c01bbd47fc00a2c39e90264f33305004495a9","hash":"2baf7d080a97b54f61a6d690ace5c99b3e20f102"}
,"/home/roger/Apps/js-workspace/carousel/src/utility/toInt.js": {"path":"/home/roger/Apps/js-workspace/carousel/src/utility/toInt.js","statementMap":{"0":{"start":{"line":6,"column":21},"end":{"line":12,"column":1}},"1":{"start":{"line":7,"column":4},"end":{"line":9,"column":5}},"2":{"start":{"line":8,"column":8},"end":{"line":8,"column":66}},"3":{"start":{"line":10,"column":20},"end":{"line":10,"column":37}},"4":{"start":{"line":11,"column":4},"end":{"line":11,"column":32}}},"fnMap":{"0":{"name":"(anonymous_0)","decl":{"start":{"line":6,"column":21},"end":{"line":6,"column":22}},"loc":{"start":{"line":6,"column":32},"end":{"line":12,"column":1}},"line":6}},"branchMap":{"0":{"loc":{"start":{"line":7,"column":4},"end":{"line":9,"column":5}},"type":"if","locations":[{"start":{"line":7,"column":4},"end":{"line":9,"column":5}},{"start":{"line":7,"column":4},"end":{"line":9,"column":5}}],"line":7}},"s":{"0":3,"1":44,"2":18,"3":26,"4":26},"f":{"0":44},"b":{"0":[18,26]},"_coverageSchema":"1a1c01bbd47fc00a2c39e90264f33305004495a9","hash":"c4ace5ee82565dbda5eda56e6484dc92f4c025a6"}
}
