TN:
SF:src/slide-functions.js
FN:5,(anonymous_0)
FN:16,(anonymous_1)
FN:29,(anonymous_2)
FN:44,(anonymous_3)
FNF:4
FNH:4
FNDA:2,(anonymous_0)
FNDA:2,(anonymous_1)
FNDA:4,(anonymous_2)
FNDA:1,(anonymous_3)
DA:5,1
DA:6,2
DA:7,2
DA:8,6
DA:16,1
DA:17,2
DA:18,2
DA:19,6
DA:29,1
DA:30,4
DA:31,4
DA:32,12
DA:33,6
DA:35,6
DA:44,1
DA:45,1
DA:46,3
DA:47,3
DA:48,3
DA:49,3
DA:51,1
LF:21
LH:21
BRDA:8,0,0,4
BRDA:8,0,1,2
BRDA:19,1,0,4
BRDA:19,1,1,2
BRDA:32,2,0,6
BRDA:32,2,1,6
BRDA:33,3,0,2
BRDA:33,3,1,4
BRDA:35,4,0,2
BRDA:35,4,1,4
BRF:10
BRH:10
end_of_record
TN:
SF:src/utility/getCarouselProps.js
FN:10,(anonymous_0)
FNF:1
FNH:1
FNDA:5,(anonymous_0)
DA:10,2
DA:11,5
DA:14,5
DA:15,5
DA:16,5
DA:24,5
DA:25,5
DA:26,20
DA:27,20
DA:32,5
DA:37,5
LF:11
LH:11
BRF:0
BRH:0
end_of_record
TN:
SF:src/utility/getOptionOrDefault.js
FN:8,(anonymous_0)
FNF:1
FNH:1
FNDA:26,(anonymous_0)
DA:8,3
DA:10,26
DA:11,26
DA:13,26
DA:14,2
DA:17,24
DA:18,24
DA:20,19
DA:21,19
DA:23,1
DA:27,23
LF:11
LH:11
BRDA:8,0,0,1
BRDA:8,1,0,1
BRDA:13,2,0,2
BRDA:13,2,1,24
BRDA:13,3,0,26
BRDA:13,3,1,18
BRF:6
BRH:6
end_of_record
TN:
SF:src/utility/initCarousels.js
FN:8,(anonymous_0)
FNF:1
FNH:1
FNDA:2,(anonymous_0)
DA:8,1
DA:9,2
DA:10,2
DA:11,3
DA:12,3
DA:13,3
LF:6
LH:6
BRF:0
BRH:0
end_of_record
TN:
SF:src/utility/toInt.js
FN:6,(anonymous_0)
FNF:1
FNH:1
FNDA:44,(anonymous_0)
DA:6,3
DA:7,44
DA:8,18
DA:10,26
DA:11,26
LF:5
LH:5
BRDA:7,0,0,18
BRDA:7,0,1,26
BRF:2
BRH:2
end_of_record
