TN:
SF:src/animationManager.js
FN:18,(anonymous_0)
FN:28,(anonymous_1)
FN:30,(anonymous_2)
FNF:3
FNH:3
FNDA:6,(anonymous_0)
FNDA:6,(anonymous_1)
FNDA:6,(anonymous_2)
DA:18,3
DA:19,6
DA:20,5
DA:22,1
DA:25,6
DA:26,6
DA:27,6
DA:29,6
DA:30,6
LF:9
LH:9
BRDA:19,0,0,5
BRDA:19,0,1,1
BRF:2
BRH:2
end_of_record
TN:
SF:src/index.js
FN:3,(anonymous_0)
FN:3,(anonymous_1)
FNF:2
FNH:2
FNDA:2,(anonymous_0)
FNDA:1,(anonymous_1)
DA:3,2
DA:4,1
DA:7,1
LF:3
LH:3
BRF:0
BRH:0
end_of_record
TN:
SF:src/slide-functions.js
FN:5,(anonymous_0)
FN:16,(anonymous_1)
FN:29,(anonymous_2)
FN:44,(anonymous_3)
FNF:4
FNH:4
FNDA:2,(anonymous_0)
FNDA:2,(anonymous_1)
FNDA:4,(anonymous_2)
FNDA:1,(anonymous_3)
DA:5,4
DA:6,2
DA:7,2
DA:8,6
DA:16,4
DA:17,2
DA:18,2
DA:19,6
DA:29,4
DA:30,4
DA:31,4
DA:32,12
DA:33,6
DA:35,6
DA:44,4
DA:45,1
DA:46,3
DA:47,3
DA:48,3
DA:49,3
DA:51,1
LF:21
LH:21
BRDA:8,0,0,4
BRDA:8,0,1,2
BRDA:19,1,0,4
BRDA:19,1,1,2
BRDA:32,2,0,6
BRDA:32,2,1,6
BRDA:33,3,0,2
BRDA:33,3,1,4
BRDA:35,4,0,2
BRDA:35,4,1,4
BRF:10
BRH:10
end_of_record
TN:
SF:src/animations/animateFrame.js
FN:9,(anonymous_0)
FN:14,(anonymous_1)
FNF:2
FNH:2
FNDA:5,(anonymous_0)
FNDA:4,(anonymous_1)
DA:9,4
DA:10,5
DA:12,4
DA:13,4
DA:14,4
DA:15,4
LF:6
LH:6
BRDA:10,0,0,1
BRDA:10,0,1,4
BRDA:12,1,0,1
BRDA:12,1,1,3
BRF:4
BRH:4
end_of_record
TN:
SF:src/animations/executeAnimation.js
FN:11,(anonymous_0)
FNF:1
FNH:1
FNDA:2,(anonymous_0)
DA:11,3
DA:13,2
DA:14,2
DA:15,2
DA:17,2
DA:18,6
DA:19,6
DA:20,6
DA:22,2
LF:9
LH:9
BRF:0
BRH:0
end_of_record
TN:
SF:src/animations/getNextCoord.js
FN:9,(anonymous_0)
FNF:1
FNH:1
FNDA:2,(anonymous_0)
DA:9,5
DA:10,2
DA:11,1
DA:13,1
LF:4
LH:4
BRDA:10,0,0,1
BRDA:10,0,1,1
BRF:2
BRH:2
end_of_record
TN:
SF:src/animations/prepareAnimation.js
FN:8,(anonymous_0)
FN:21,(anonymous_1)
FN:24,(anonymous_2)
FNF:3
FNH:3
FNDA:9,(anonymous_0)
FNDA:24,(anonymous_1)
FNDA:8,(anonymous_2)
DA:8,3
DA:9,9
DA:10,9
DA:12,24
DA:13,12
DA:15,12
DA:17,24
DA:18,24
DA:19,24
DA:21,24
DA:24,24
DA:25,8
DA:26,8
DA:29,24
DA:31,9
LF:15
LH:15
BRDA:12,0,0,12
BRDA:12,0,1,12
BRDA:12,1,0,24
BRDA:12,1,1,15
BRDA:15,2,0,11
BRDA:15,2,1,1
BRF:6
BRH:6
end_of_record
TN:
SF:src/components/Carousel.js
FN:24,(anonymous_0)
FN:43,(anonymous_1)
FN:48,(anonymous_2)
FN:52,(anonymous_3)
FN:58,(anonymous_4)
FN:62,(anonymous_5)
FN:67,(anonymous_6)
FN:71,(anonymous_7)
FN:76,(anonymous_8)
FN:80,(anonymous_9)
FN:85,(anonymous_10)
FN:89,(anonymous_11)
FN:94,(anonymous_12)
FN:104,(anonymous_13)
FN:110,(anonymous_14)
FN:122,(anonymous_15)
FN:137,(anonymous_16)
FN:145,(anonymous_17)
FN:153,(anonymous_18)
FN:155,(anonymous_19)
FN:167,(anonymous_20)
FN:177,(anonymous_21)
FN:188,(anonymous_22)
FN:190,(anonymous_23)
FN:197,(anonymous_24)
FN:198,(anonymous_25)
FN:205,(anonymous_26)
FN:230,(anonymous_27)
FN:242,(anonymous_28)
FNF:29
FNH:29
FNDA:55,(anonymous_0)
FNDA:65,(anonymous_1)
FNDA:37,(anonymous_2)
FNDA:58,(anonymous_3)
FNDA:16,(anonymous_4)
FNDA:57,(anonymous_5)
FNDA:5,(anonymous_6)
FNDA:59,(anonymous_7)
FNDA:10,(anonymous_8)
FNDA:58,(anonymous_9)
FNDA:6,(anonymous_10)
FNDA:58,(anonymous_11)
FNDA:12,(anonymous_12)
FNDA:7,(anonymous_13)
FNDA:14,(anonymous_14)
FNDA:14,(anonymous_15)
FNDA:1,(anonymous_16)
FNDA:2,(anonymous_17)
FNDA:4,(anonymous_18)
FNDA:4,(anonymous_19)
FNDA:4,(anonymous_20)
FNDA:1,(anonymous_21)
FNDA:1,(anonymous_22)
FNDA:1,(anonymous_23)
FNDA:1,(anonymous_24)
FNDA:1,(anonymous_25)
FNDA:6,(anonymous_26)
FNDA:6,(anonymous_27)
FNDA:1,(anonymous_28)
DA:32,55
DA:33,55
DA:34,55
DA:35,55
DA:36,55
DA:37,55
DA:38,55
DA:39,55
DA:40,55
DA:44,65
DA:45,64
DA:49,37
DA:53,58
DA:54,57
DA:55,56
DA:59,16
DA:63,57
DA:64,56
DA:68,5
DA:72,59
DA:73,58
DA:77,10
DA:81,58
DA:82,57
DA:86,6
DA:90,58
DA:91,57
DA:95,12
DA:104,55
DA:105,7
DA:106,7
DA:107,7
DA:108,7
DA:109,7
DA:110,7
DA:111,14
DA:119,14
DA:120,14
DA:122,14
DA:124,7
DA:125,14
DA:128,7
DA:129,7
DA:130,7
DA:131,7
DA:137,55
DA:138,1
DA:139,1
DA:145,55
DA:146,2
DA:147,2
DA:153,55
DA:154,4
DA:155,4
DA:156,4
DA:157,3
DA:167,55
DA:168,4
DA:169,3
DA:170,3
DA:171,3
DA:177,3
DA:178,1
DA:180,3
DA:188,55
DA:189,1
DA:190,1
DA:197,55
DA:198,1
DA:205,55
DA:206,6
DA:207,6
DA:208,6
DA:209,6
DA:210,6
DA:216,6
DA:217,6
DA:223,6
DA:230,55
DA:231,6
DA:232,5
DA:233,5
DA:234,2
DA:236,5
DA:242,55
DA:243,1
LF:86
LH:86
BRDA:44,0,0,1
BRDA:44,0,1,64
BRDA:53,1,0,1
BRDA:53,1,1,57
BRDA:54,2,0,1
BRDA:54,2,1,56
BRDA:63,3,0,1
BRDA:63,3,1,56
BRDA:72,4,0,1
BRDA:72,4,1,58
BRDA:81,5,0,1
BRDA:81,5,1,57
BRDA:90,6,0,1
BRDA:90,6,1,57
BRDA:116,7,0,7
BRDA:116,7,1,7
BRDA:156,8,0,3
BRDA:156,8,1,1
BRDA:168,9,0,1
BRDA:168,9,1,3
BRDA:233,10,0,2
BRDA:233,10,1,3
BRF:22
BRH:22
end_of_record
TN:
SF:src/components/Slide.js
FN:16,(anonymous_0)
FN:32,(anonymous_1)
FN:45,(anonymous_2)
FN:54,(anonymous_3)
FNF:4
FNH:4
FNDA:11,(anonymous_0)
FNDA:7,(anonymous_1)
FNDA:5,(anonymous_2)
FNDA:1,(anonymous_3)
DA:25,11
DA:33,7
DA:34,7
DA:35,7
DA:36,7
DA:37,7
DA:38,7
DA:46,5
DA:47,4
DA:48,4
DA:55,1
LF:11
LH:11
BRDA:16,0,0,10
BRF:1
BRH:1
end_of_record
TN:
SF:src/components/SlideControl.js
FN:8,(anonymous_0)
FN:28,(anonymous_1)
FNF:2
FNH:2
FNDA:11,(anonymous_0)
FNDA:2,(anonymous_1)
DA:8,2
DA:11,11
DA:13,11
DA:14,10
DA:15,9
DA:16,8
DA:18,7
DA:19,4
DA:20,4
DA:22,3
DA:23,3
DA:26,7
DA:27,7
DA:28,7
DA:29,7
DA:30,7
LF:16
LH:16
BRDA:13,0,0,1
BRDA:13,0,1,10
BRDA:14,1,0,1
BRDA:14,1,1,9
BRDA:15,2,0,1
BRDA:15,2,1,8
BRDA:16,3,0,1
BRDA:16,3,1,7
BRDA:18,4,0,4
BRDA:18,4,1,3
BRF:10
BRH:10
end_of_record
TN:
SF:src/utility/getCarouselProps.js
FN:10,(anonymous_0)
FNF:1
FNH:1
FNDA:5,(anonymous_0)
DA:10,3
DA:11,5
DA:14,5
DA:15,5
DA:16,5
DA:24,5
DA:25,5
DA:26,20
DA:27,20
DA:32,5
DA:37,5
LF:11
LH:11
BRF:0
BRH:0
end_of_record
TN:
SF:src/utility/getOffscreenSlides.js
FN:7,(anonymous_0)
FN:8,(anonymous_1)
FNF:2
FNH:2
FNDA:1,(anonymous_0)
FNDA:4,(anonymous_1)
DA:7,4
DA:8,4
DA:9,1
LF:3
LH:3
BRF:0
BRH:0
end_of_record
TN:
SF:src/utility/getOptionOrDefault.js
FN:8,(anonymous_0)
FNF:1
FNH:1
FNDA:26,(anonymous_0)
DA:8,4
DA:10,26
DA:11,26
DA:13,26
DA:14,2
DA:17,24
DA:18,24
DA:20,19
DA:21,19
DA:23,1
DA:27,23
LF:11
LH:11
BRDA:8,0,0,1
BRDA:8,1,0,1
BRDA:13,2,0,2
BRDA:13,2,1,24
BRDA:13,3,0,26
BRDA:13,3,1,18
BRF:6
BRH:6
end_of_record
TN:
SF:src/utility/initCarousels.js
FN:8,(anonymous_0)
FNF:1
FNH:1
FNDA:2,(anonymous_0)
DA:8,2
DA:9,2
DA:10,2
DA:11,3
DA:12,3
DA:13,3
LF:6
LH:6
BRF:0
BRH:0
end_of_record
TN:
SF:src/utility/recurTilTrue.js
FN:8,(anonymous_0)
FN:9,(anonymous_1)
FN:10,(anonymous_2)
FNF:3
FNH:3
FNDA:2,(anonymous_0)
FNDA:2,(anonymous_1)
FNDA:3,(anonymous_2)
DA:8,4
DA:9,2
DA:10,2
DA:11,3
DA:12,3
DA:13,1
DA:14,1
DA:17,1
LF:8
LH:8
BRDA:12,0,0,1
BRDA:12,0,1,1
BRF:2
BRH:2
end_of_record
TN:
SF:src/utility/replaceChildElement.js
FN:6,(anonymous_0)
FNF:1
FNH:1
FNDA:15,(anonymous_0)
DA:6,4
DA:7,15
DA:8,12
DA:9,9
DA:10,4
DA:11,4
LF:6
LH:6
BRDA:7,0,0,3
BRDA:7,0,1,12
BRDA:8,1,0,3
BRDA:8,1,1,9
BRDA:9,2,0,5
BRDA:9,2,1,4
BRF:6
BRH:6
end_of_record
TN:
SF:src/utility/toInt.js
FN:6,(anonymous_0)
FNF:1
FNH:1
FNDA:44,(anonymous_0)
DA:6,4
DA:7,44
DA:8,18
DA:10,26
DA:11,26
LF:5
LH:5
BRDA:7,0,0,18
BRDA:7,0,1,26
BRF:2
BRH:2
end_of_record
